build/outputs/logs/manifest-merger-debug-report.txt
-- Merging decision tree log ---
manifest
ADDED from eclipse_workspace/EnNew/AndroidManifest.xml:2:1-323:12
	package
		ADDED from eclipse_workspace/EnNew/AndroidManifest.xml:3:5-24
	android:versionName
		ADDED from eclipse_workspace/EnNew/AndroidManifest.xml:5:5-30
		INJECTED from eclipse_workspace/EnNew/AndroidManifest.xml
		INJECTED from eclipse_workspace/EnNew/AndroidManifest.xml
	android:versionCode
		ADDED from eclipse_workspace/EnNew/AndroidManifest.xml:4:5-28
		INJECTED from eclipse_workspace/EnNew/AndroidManifest.xml
		INJECTED from eclipse_workspace/EnNew/AndroidManifest.xml
	xmlns:android
		ADDED from eclipse_workspace/EnNew/AndroidManifest.xml:2:11-69
uses-sdk
ADDED from eclipse_workspace/EnNew/AndroidManifest.xml:7:5-9:41
	android:targetSdkVersion
		ADDED from eclipse_workspace/EnNew/AndroidManifest.xml:9:9-38
	android:minSdkVersion
		ADDED from eclipse_workspace/EnNew/AndroidManifest.xml:8:9-35
uses-permission#android.permission.MODIFY_AUDIO_SETTINGS
ADDED from eclipse_workspace/EnNew/AndroidManifest.xml:11:5-80
	android:name
		ADDED from eclipse_workspace/EnNew/AndroidManifest.xml:11:22-77
uses-permission#android.permission.RECORD_AUDIO
ADDED from eclipse_workspace/EnNew/AndroidManifest.xml:12:5-71
	android:name
		ADDED from eclipse_workspace/EnNew/AndroidManifest.xml:12:22-68
uses-permission#android.permission.ACCESS_NETWORK_STATE
ADDED from eclipse_workspace/EnNew/AndroidManifest.xml:13:5-79
	android:name
		ADDED from eclipse_workspace/EnNew/AndroidManifest.xml:13:22-76
uses-permission#android.permission.ACCESS_WIFI_STATE
ADDED from eclipse_workspace/EnNew/AndroidManifest.xml:14:5-76
	android:name
		ADDED from eclipse_workspace/EnNew/AndroidManifest.xml:14:22-73
uses-permission#android.permission.INTERNET
ADDED from eclipse_workspace/EnNew/AndroidManifest.xml:15:5-67
	android:name
		ADDED from eclipse_workspace/EnNew/AndroidManifest.xml:15:22-64
uses-permission#android.permission.MOUNT_UNMOUNT_FILESYSTEMS
ADDED from eclipse_workspace/EnNew/AndroidManifest.xml:16:5-84
	android:name
		ADDED from eclipse_workspace/EnNew/AndroidManifest.xml:16:22-81
uses-permission#android.permission.WRITE_EXTERNAL_STORAGE
ADDED from eclipse_workspace/EnNew/AndroidManifest.xml:17:5-81
	android:name
		ADDED from eclipse_workspace/EnNew/AndroidManifest.xml:17:22-78
uses-permission#android.permission.CAMERA
ADDED from eclipse_workspace/EnNew/AndroidManifest.xml:18:5-65
	android:name
		ADDED from eclipse_workspace/EnNew/AndroidManifest.xml:18:22-62
uses-permission#android.permission.WAKE_LOCK
ADDED from eclipse_workspace/EnNew/AndroidManifest.xml:19:5-68
	android:name
		ADDED from eclipse_workspace/EnNew/AndroidManifest.xml:19:22-65
uses-permission#android.permission.CHANGE_NETWORK_STATE
ADDED from eclipse_workspace/EnNew/AndroidManifest.xml:25:5-79
	android:name
		ADDED from eclipse_workspace/EnNew/AndroidManifest.xml:25:22-76
uses-permission#android.permission.CHANGE_WIFI_STATE
ADDED from eclipse_workspace/EnNew/AndroidManifest.xml:26:5-76
	android:name
		ADDED from eclipse_workspace/EnNew/AndroidManifest.xml:26:22-73
uses-permission#android.permission.READ_PHONE_STATE
ADDED from eclipse_workspace/EnNew/AndroidManifest.xml:27:5-75
	android:name
		ADDED from eclipse_workspace/EnNew/AndroidManifest.xml:27:22-72
uses-permission#android.permission.VIBRATE
ADDED from eclipse_workspace/EnNew/AndroidManifest.xml:30:5-66
	android:name
		ADDED from eclipse_workspace/EnNew/AndroidManifest.xml:30:22-63
uses-permission#android.permission.WRITE_SETTINGS
ADDED from eclipse_workspace/EnNew/AndroidManifest.xml:31:5-73
	android:name
		ADDED from eclipse_workspace/EnNew/AndroidManifest.xml:31:22-70
uses-permission#android.permission.RECEIVE_BOOT_COMPLETED
ADDED from eclipse_workspace/EnNew/AndroidManifest.xml:32:5-81
	android:name
		ADDED from eclipse_workspace/EnNew/AndroidManifest.xml:32:22-78
uses-permission#android.permission.GET_TASKS
ADDED from eclipse_workspace/EnNew/AndroidManifest.xml:35:5-68
	android:name
		ADDED from eclipse_workspace/EnNew/AndroidManifest.xml:35:22-65
uses-permission#android.permission.BROADCAST_PACKAGE_ADDED
ADDED from eclipse_workspace/EnNew/AndroidManifest.xml:38:5-82
	android:name
		ADDED from eclipse_workspace/EnNew/AndroidManifest.xml:38:22-79
uses-permission#android.permission.BROADCAST_PACKAGE_CHANGED
ADDED from eclipse_workspace/EnNew/AndroidManifest.xml:39:5-84
	android:name
		ADDED from eclipse_workspace/EnNew/AndroidManifest.xml:39:22-81
uses-permission#android.permission.BROADCAST_PACKAGE_INSTALL
ADDED from eclipse_workspace/EnNew/AndroidManifest.xml:40:5-84
	android:name
		ADDED from eclipse_workspace/EnNew/AndroidManifest.xml:40:22-81
uses-permission#android.permission.BROADCAST_PACKAGE_REPLACED
ADDED from eclipse_workspace/EnNew/AndroidManifest.xml:41:5-85
	android:name
		ADDED from eclipse_workspace/EnNew/AndroidManifest.xml:41:22-82
uses-permission#android.permission.RESTART_PACKAGES
ADDED from eclipse_workspace/EnNew/AndroidManifest.xml:42:5-75
	android:name
		ADDED from eclipse_workspace/EnNew/AndroidManifest.xml:42:22-72
uses-permission#android.permission.GET_ACCOUNTS
ADDED from eclipse_workspace/EnNew/AndroidManifest.xml:43:5-71
	android:name
		ADDED from eclipse_workspace/EnNew/AndroidManifest.xml:43:22-68
application
ADDED from eclipse_workspace/EnNew/AndroidManifest.xml:45:5-321:19
	android:label
		ADDED from eclipse_workspace/EnNew/AndroidManifest.xml:49:9-41
	android:allowBackup
		ADDED from eclipse_workspace/EnNew/AndroidManifest.xml:47:9-35
	android:icon
		ADDED from eclipse_workspace/EnNew/AndroidManifest.xml:48:9-45
	android:theme
		ADDED from eclipse_workspace/EnNew/AndroidManifest.xml:50:9-56
	android:name
		ADDED from eclipse_workspace/EnNew/AndroidManifest.xml:46:9-45
activity#com.ennew.ui.act.MainTabActivity
ADDED from eclipse_workspace/EnNew/AndroidManifest.xml:51:9-61:20
	android:screenOrientation
		ADDED from eclipse_workspace/EnNew/AndroidManifest.xml:54:13-49
	android:label
		ADDED from eclipse_workspace/EnNew/AndroidManifest.xml:53:13-45
	android:windowSoftInputMode
		ADDED from eclipse_workspace/EnNew/AndroidManifest.xml:55:13-52
	android:name
		ADDED from eclipse_workspace/EnNew/AndroidManifest.xml:52:13-60
intent-filter#android.intent.action.MAIN+android.intent.category.LAUNCHER
ADDED from eclipse_workspace/EnNew/AndroidManifest.xml:56:13-60:29
action#android.intent.action.MAIN
ADDED from eclipse_workspace/EnNew/AndroidManifest.xml:57:17-69
	android:name
		ADDED from eclipse_workspace/EnNew/AndroidManifest.xml:57:25-66
category#android.intent.category.LAUNCHER
ADDED from eclipse_workspace/EnNew/AndroidManifest.xml:59:17-77
	android:name
		ADDED from eclipse_workspace/EnNew/AndroidManifest.xml:59:27-74
meta-data#UMENG_APPKEY
ADDED from eclipse_workspace/EnNew/AndroidManifest.xml:81:9-84:21
	android:value
		ADDED from eclipse_workspace/EnNew/AndroidManifest.xml:83:13-53
	android:name
		ADDED from eclipse_workspace/EnNew/AndroidManifest.xml:82:13-40
meta-data#UMENG_MESSAGE_SECRET
ADDED from eclipse_workspace/EnNew/AndroidManifest.xml:85:9-88:21
	android:value
		ADDED from eclipse_workspace/EnNew/AndroidManifest.xml:87:13-61
	android:name
		ADDED from eclipse_workspace/EnNew/AndroidManifest.xml:86:13-48
activity#com.ennew.ui.act.HomepageAct
ADDED from eclipse_workspace/EnNew/AndroidManifest.xml:90:9-95:20
	android:screenOrientation
		ADDED from eclipse_workspace/EnNew/AndroidManifest.xml:93:13-49
	android:windowSoftInputMode
		ADDED from eclipse_workspace/EnNew/AndroidManifest.xml:94:13-64
	android:configChanges
		ADDED from eclipse_workspace/EnNew/AndroidManifest.xml:92:13-63
	android:name
		ADDED from eclipse_workspace/EnNew/AndroidManifest.xml:91:13-47
activity#com.ennew.ui.act.ShoppingAct
ADDED from eclipse_workspace/EnNew/AndroidManifest.xml:96:9-99:20
	android:screenOrientation
		ADDED from eclipse_workspace/EnNew/AndroidManifest.xml:98:13-49
	android:name
		ADDED from eclipse_workspace/EnNew/AndroidManifest.xml:97:13-47
activity#com.ennew.ui.act.ShoppingCartAct
ADDED from eclipse_workspace/EnNew/AndroidManifest.xml:100:9-103:20
	android:screenOrientation
		ADDED from eclipse_workspace/EnNew/AndroidManifest.xml:102:13-49
	android:name
		ADDED from eclipse_workspace/EnNew/AndroidManifest.xml:101:13-51
activity#com.ennew.ui.act.PhotoPickerActivity
ADDED from eclipse_workspace/EnNew/AndroidManifest.xml:104:9-107:20
	android:screenOrientation
		ADDED from eclipse_workspace/EnNew/AndroidManifest.xml:106:13-49
	android:name
		ADDED from eclipse_workspace/EnNew/AndroidManifest.xml:105:13-55
activity#com.ennew.ui.act.MyAct
ADDED from eclipse_workspace/EnNew/AndroidManifest.xml:108:9-111:20
	android:screenOrientation
		ADDED from eclipse_workspace/EnNew/AndroidManifest.xml:110:13-49
	android:name
		ADDED from eclipse_workspace/EnNew/AndroidManifest.xml:109:13-41
activity#com.ennew.ui.act.LoginAct
ADDED from eclipse_workspace/EnNew/AndroidManifest.xml:112:9-115:20
	android:screenOrientation
		ADDED from eclipse_workspace/EnNew/AndroidManifest.xml:114:13-49
	android:name
		ADDED from eclipse_workspace/EnNew/AndroidManifest.xml:113:13-44
activity#com.ennew.ui.act.RegisterAct
ADDED from eclipse_workspace/EnNew/AndroidManifest.xml:116:9-119:20
	android:screenOrientation
		ADDED from eclipse_workspace/EnNew/AndroidManifest.xml:118:13-49
	android:name
		ADDED from eclipse_workspace/EnNew/AndroidManifest.xml:117:13-47
activity#com.ennew.ui.act.PerDetailsAct
ADDED from eclipse_workspace/EnNew/AndroidManifest.xml:120:9-123:20
	android:screenOrientation
		ADDED from eclipse_workspace/EnNew/AndroidManifest.xml:122:13-49
	android:name
		ADDED from eclipse_workspace/EnNew/AndroidManifest.xml:121:13-49
activity#com.ennew.ui.act.PasswordModify
ADDED from eclipse_workspace/EnNew/AndroidManifest.xml:124:9-127:20
	android:screenOrientation
		ADDED from eclipse_workspace/EnNew/AndroidManifest.xml:126:13-49
	android:name
		ADDED from eclipse_workspace/EnNew/AndroidManifest.xml:125:13-50
activity#com.ennew.ui.act.PasswordRetrieveAct
ADDED from eclipse_workspace/EnNew/AndroidManifest.xml:128:9-131:20
	android:screenOrientation
		ADDED from eclipse_workspace/EnNew/AndroidManifest.xml:130:13-49
	android:name
		ADDED from eclipse_workspace/EnNew/AndroidManifest.xml:129:13-55
activity#com.ennew.ui.act.PerSingleInforModify
ADDED from eclipse_workspace/EnNew/AndroidManifest.xml:132:9-135:20
	android:screenOrientation
		ADDED from eclipse_workspace/EnNew/AndroidManifest.xml:134:13-49
	android:name
		ADDED from eclipse_workspace/EnNew/AndroidManifest.xml:133:13-56
activity#com.ennew.ui.act.PhotoSeeActivity
ADDED from eclipse_workspace/EnNew/AndroidManifest.xml:136:9-139:20
	android:screenOrientation
		ADDED from eclipse_workspace/EnNew/AndroidManifest.xml:138:13-49
	android:name
		ADDED from eclipse_workspace/EnNew/AndroidManifest.xml:137:13-52
activity#com.ennew.ui.act.SmsCodeGetAct
ADDED from eclipse_workspace/EnNew/AndroidManifest.xml:140:9-143:20
	android:screenOrientation
		ADDED from eclipse_workspace/EnNew/AndroidManifest.xml:142:13-49
	android:name
		ADDED from eclipse_workspace/EnNew/AndroidManifest.xml:141:13-49
activity#com.ennew.ui.act.SmsCodeVerifAct
ADDED from eclipse_workspace/EnNew/AndroidManifest.xml:144:9-147:20
	android:screenOrientation
		ADDED from eclipse_workspace/EnNew/AndroidManifest.xml:146:13-49
	android:name
		ADDED from eclipse_workspace/EnNew/AndroidManifest.xml:145:13-51
activity#com.ennew.ui.act.ChatActivity
ADDED from eclipse_workspace/EnNew/AndroidManifest.xml:148:9-152:20
	android:screenOrientation
		ADDED from eclipse_workspace/EnNew/AndroidManifest.xml:150:13-49
	android:windowSoftInputMode
		ADDED from eclipse_workspace/EnNew/AndroidManifest.xml:151:13-67
	android:name
		ADDED from eclipse_workspace/EnNew/AndroidManifest.xml:149:13-48
activity#com.ennew.ui.act.ConversationActivity
ADDED from eclipse_workspace/EnNew/AndroidManifest.xml:153:9-156:20
	android:screenOrientation
		ADDED from eclipse_workspace/EnNew/AndroidManifest.xml:155:13-49
	android:name
		ADDED from eclipse_workspace/EnNew/AndroidManifest.xml:154:13-56
activity#com.ennew.ui.act.AddFriendAct
ADDED from eclipse_workspace/EnNew/AndroidManifest.xml:157:9-162:20
	android:screenOrientation
		ADDED from eclipse_workspace/EnNew/AndroidManifest.xml:160:13-49
	android:windowSoftInputMode
		ADDED from eclipse_workspace/EnNew/AndroidManifest.xml:161:13-64
	android:configChanges
		ADDED from eclipse_workspace/EnNew/AndroidManifest.xml:159:13-63
	android:name
		ADDED from eclipse_workspace/EnNew/AndroidManifest.xml:158:13-48
activity#com.ennew.ui.act.FriendListAct
ADDED from eclipse_workspace/EnNew/AndroidManifest.xml:163:9-168:20
	android:screenOrientation
		ADDED from eclipse_workspace/EnNew/AndroidManifest.xml:166:13-49
	android:windowSoftInputMode
		ADDED from eclipse_workspace/EnNew/AndroidManifest.xml:167:13-64
	android:configChanges
		ADDED from eclipse_workspace/EnNew/AndroidManifest.xml:165:13-63
	android:name
		ADDED from eclipse_workspace/EnNew/AndroidManifest.xml:164:13-49
activity#com.ennew.ui.act.SearchFriendAct
ADDED from eclipse_workspace/EnNew/AndroidManifest.xml:169:9-172:20
	android:screenOrientation
		ADDED from eclipse_workspace/EnNew/AndroidManifest.xml:171:13-49
	android:name
		ADDED from eclipse_workspace/EnNew/AndroidManifest.xml:170:13-51
activity#com.ennew.ui.act.Setting
ADDED from eclipse_workspace/EnNew/AndroidManifest.xml:173:9-176:20
	android:screenOrientation
		ADDED from eclipse_workspace/EnNew/AndroidManifest.xml:175:13-49
	android:name
		ADDED from eclipse_workspace/EnNew/AndroidManifest.xml:174:13-43
service#com.ennew.service.XMPPService
ADDED from eclipse_workspace/EnNew/AndroidManifest.xml:178:9-179:19
	android:name
		ADDED from eclipse_workspace/EnNew/AndroidManifest.xml:178:18-62
receiver#com.ennew.app.NetworkBroadcastReceiver
ADDED from eclipse_workspace/EnNew/AndroidManifest.xml:181:9-191:20
	android:name
		ADDED from eclipse_workspace/EnNew/AndroidManifest.xml:181:19-72
intent-filter#android.intent.action.ACTION_SHUTDOWN+android.intent.action.BOOT_COMPLETED+android.net.conn.CONNECTIVITY_CHANGE
ADDED from eclipse_workspace/EnNew/AndroidManifest.xml:182:13-190:29
action#android.intent.action.BOOT_COMPLETED
ADDED from eclipse_workspace/EnNew/AndroidManifest.xml:185:17-79
	android:name
		ADDED from eclipse_workspace/EnNew/AndroidManifest.xml:185:25-76
action#android.intent.action.ACTION_SHUTDOWN
ADDED from eclipse_workspace/EnNew/AndroidManifest.xml:187:17-80
	android:name
		ADDED from eclipse_workspace/EnNew/AndroidManifest.xml:187:25-77
action#android.net.conn.CONNECTIVITY_CHANGE
ADDED from eclipse_workspace/EnNew/AndroidManifest.xml:189:17-79
	android:name
		ADDED from eclipse_workspace/EnNew/AndroidManifest.xml:189:25-76
receiver#com.umeng.message.NotificationProxyBroadcastReceiver
ADDED from eclipse_workspace/EnNew/AndroidManifest.xml:194:9-197:20
	android:exported
		ADDED from eclipse_workspace/EnNew/AndroidManifest.xml:196:13-37
	android:name
		ADDED from eclipse_workspace/EnNew/AndroidManifest.xml:195:13-80
receiver#com.umeng.message.SystemReceiver
ADDED from eclipse_workspace/EnNew/AndroidManifest.xml:200:9-214:20
	android:process
		ADDED from eclipse_workspace/EnNew/AndroidManifest.xml:202:13-36
	android:name
		ADDED from eclipse_workspace/EnNew/AndroidManifest.xml:201:13-60
intent-filter#android.intent.action.BOOT_COMPLETED
ADDED from eclipse_workspace/EnNew/AndroidManifest.xml:203:13-205:29
intent-filter#android.net.conn.CONNECTIVITY_CHANGE
ADDED from eclipse_workspace/EnNew/AndroidManifest.xml:206:13-208:29
intent-filter#android.intent.action.PACKAGE_REMOVED
ADDED from eclipse_workspace/EnNew/AndroidManifest.xml:209:13-213:29
action#android.intent.action.PACKAGE_REMOVED
ADDED from eclipse_workspace/EnNew/AndroidManifest.xml:210:17-80
	android:name
		ADDED from eclipse_workspace/EnNew/AndroidManifest.xml:210:25-77
data
ADDED from eclipse_workspace/EnNew/AndroidManifest.xml:212:17-50
	android:scheme
		ADDED from eclipse_workspace/EnNew/AndroidManifest.xml:212:23-47
receiver#com.umeng.message.MessageReceiver
ADDED from eclipse_workspace/EnNew/AndroidManifest.xml:217:9-224:20
	android:process
		ADDED from eclipse_workspace/EnNew/AndroidManifest.xml:220:13-36
	android:exported
		ADDED from eclipse_workspace/EnNew/AndroidManifest.xml:219:13-37
	android:name
		ADDED from eclipse_workspace/EnNew/AndroidManifest.xml:218:13-61
intent-filter#org.agoo.android.intent.action.RECEIVE
ADDED from eclipse_workspace/EnNew/AndroidManifest.xml:221:13-223:29
action#org.agoo.android.intent.action.RECEIVE
ADDED from eclipse_workspace/EnNew/AndroidManifest.xml:222:17-81
	android:name
		ADDED from eclipse_workspace/EnNew/AndroidManifest.xml:222:25-78
receiver#com.umeng.message.ElectionReceiver
ADDED from eclipse_workspace/EnNew/AndroidManifest.xml:227:9-235:20
	android:process
		ADDED from eclipse_workspace/EnNew/AndroidManifest.xml:229:13-36
	android:name
		ADDED from eclipse_workspace/EnNew/AndroidManifest.xml:228:13-62
intent-filter#org.agoo.android.intent.action.ELECTION_RESULT_V4+umeng
ADDED from eclipse_workspace/EnNew/AndroidManifest.xml:230:13-234:29
action#org.agoo.android.intent.action.ELECTION_RESULT_V4
ADDED from eclipse_workspace/EnNew/AndroidManifest.xml:231:17-92
	android:name
		ADDED from eclipse_workspace/EnNew/AndroidManifest.xml:231:25-89
category#umeng
ADDED from eclipse_workspace/EnNew/AndroidManifest.xml:233:17-50
	android:name
		ADDED from eclipse_workspace/EnNew/AndroidManifest.xml:233:27-47
receiver#com.umeng.message.RegistrationReceiver
ADDED from eclipse_workspace/EnNew/AndroidManifest.xml:239:9-245:20
	android:exported
		ADDED from eclipse_workspace/EnNew/AndroidManifest.xml:241:13-37
	android:name
		ADDED from eclipse_workspace/EnNew/AndroidManifest.xml:240:13-66
intent-filter#com.ennew.intent.action.COMMAND
ADDED from eclipse_workspace/EnNew/AndroidManifest.xml:242:13-244:29
action#com.ennew.intent.action.COMMAND
ADDED from eclipse_workspace/EnNew/AndroidManifest.xml:243:17-74
	android:name
		ADDED from eclipse_workspace/EnNew/AndroidManifest.xml:243:25-71
receiver#com.umeng.message.UmengMessageBootReceiver
ADDED from eclipse_workspace/EnNew/AndroidManifest.xml:246:9-250:20
	android:name
		ADDED from eclipse_workspace/EnNew/AndroidManifest.xml:246:19-76
service#com.umeng.message.UmengService
ADDED from eclipse_workspace/EnNew/AndroidManifest.xml:256:9-272:19
	android:process
		ADDED from eclipse_workspace/EnNew/AndroidManifest.xml:260:13-36
	android:label
		ADDED from eclipse_workspace/EnNew/AndroidManifest.xml:259:13-40
	android:exported
		ADDED from eclipse_workspace/EnNew/AndroidManifest.xml:258:13-36
	android:name
		ADDED from eclipse_workspace/EnNew/AndroidManifest.xml:257:13-58
intent-filter#com.ennew.intent.action.START
ADDED from eclipse_workspace/EnNew/AndroidManifest.xml:261:13-263:29
action#com.ennew.intent.action.START
ADDED from eclipse_workspace/EnNew/AndroidManifest.xml:262:17-72
	android:name
		ADDED from eclipse_workspace/EnNew/AndroidManifest.xml:262:25-69
intent-filter#com.ennew.intent.action.COCKROACH
ADDED from eclipse_workspace/EnNew/AndroidManifest.xml:264:13-266:29
action#com.ennew.intent.action.COCKROACH
ADDED from eclipse_workspace/EnNew/AndroidManifest.xml:265:17-76
	android:name
		ADDED from eclipse_workspace/EnNew/AndroidManifest.xml:265:25-73
intent-filter#org.agoo.android.intent.action.PING_V4+umeng
ADDED from eclipse_workspace/EnNew/AndroidManifest.xml:267:13-271:29
action#org.agoo.android.intent.action.PING_V4
ADDED from eclipse_workspace/EnNew/AndroidManifest.xml:268:17-81
	android:name
		ADDED from eclipse_workspace/EnNew/AndroidManifest.xml:268:25-78
service#com.umeng.message.UmengIntentService
ADDED from eclipse_workspace/EnNew/AndroidManifest.xml:275:9-277:39
	android:process
		ADDED from eclipse_workspace/EnNew/AndroidManifest.xml:277:13-36
	android:name
		ADDED from eclipse_workspace/EnNew/AndroidManifest.xml:276:13-64
service#com.umeng.message.UmengMessageIntentReceiverService
ADDED from eclipse_workspace/EnNew/AndroidManifest.xml:280:9-290:19
	android:process
		ADDED from eclipse_workspace/EnNew/AndroidManifest.xml:283:13-36
	android:exported
		ADDED from eclipse_workspace/EnNew/AndroidManifest.xml:282:13-36
	android:name
		ADDED from eclipse_workspace/EnNew/AndroidManifest.xml:281:13-79
intent-filter#org.android.agoo.client.MessageReceiverService
ADDED from eclipse_workspace/EnNew/AndroidManifest.xml:284:13-286:29
action#org.android.agoo.client.MessageReceiverService
ADDED from eclipse_workspace/EnNew/AndroidManifest.xml:285:17-89
	android:name
		ADDED from eclipse_workspace/EnNew/AndroidManifest.xml:285:25-86
intent-filter#org.android.agoo.client.ElectionReceiverService
ADDED from eclipse_workspace/EnNew/AndroidManifest.xml:287:13-289:29
action#org.android.agoo.client.ElectionReceiverService
ADDED from eclipse_workspace/EnNew/AndroidManifest.xml:288:17-90
	android:name
		ADDED from eclipse_workspace/EnNew/AndroidManifest.xml:288:25-87
service#com.umeng.message.UmengMessageCallbackHandlerService
ADDED from eclipse_workspace/EnNew/AndroidManifest.xml:293:9-308:19
	android:exported
		ADDED from eclipse_workspace/EnNew/AndroidManifest.xml:295:13-37
	android:name
		ADDED from eclipse_workspace/EnNew/AndroidManifest.xml:294:13-80
intent-filter#com.umeng.messge.registercallback.action
ADDED from eclipse_workspace/EnNew/AndroidManifest.xml:296:13-298:29
action#com.umeng.messge.registercallback.action
ADDED from eclipse_workspace/EnNew/AndroidManifest.xml:297:17-83
	android:name
		ADDED from eclipse_workspace/EnNew/AndroidManifest.xml:297:25-80
intent-filter#com.umeng.message.unregistercallback.action
ADDED from eclipse_workspace/EnNew/AndroidManifest.xml:299:13-301:29
action#com.umeng.message.unregistercallback.action
ADDED from eclipse_workspace/EnNew/AndroidManifest.xml:300:17-86
	android:name
		ADDED from eclipse_workspace/EnNew/AndroidManifest.xml:300:25-83
intent-filter#com.umeng.message.message.handler.action
ADDED from eclipse_workspace/EnNew/AndroidManifest.xml:302:13-304:29
action#com.umeng.message.message.handler.action
ADDED from eclipse_workspace/EnNew/AndroidManifest.xml:303:17-83
	android:name
		ADDED from eclipse_workspace/EnNew/AndroidManifest.xml:303:25-80
intent-filter#com.umeng.message.autoupdate.handler.action
ADDED from eclipse_workspace/EnNew/AndroidManifest.xml:305:13-307:29
action#com.umeng.message.autoupdate.handler.action
ADDED from eclipse_workspace/EnNew/AndroidManifest.xml:306:17-86
	android:name
		ADDED from eclipse_workspace/EnNew/AndroidManifest.xml:306:25-83
service#com.umeng.message.UmengDownloadResourceService
ADDED from eclipse_workspace/EnNew/AndroidManifest.xml:311:9-82
	android:name
		ADDED from eclipse_workspace/EnNew/AndroidManifest.xml:311:18-79
service#com.umeng.message.local.UmengLocalNotificationService
ADDED from eclipse_workspace/EnNew/AndroidManifest.xml:315:9-317:40
	android:exported
		ADDED from eclipse_workspace/EnNew/AndroidManifest.xml:317:13-37
	android:name
		ADDED from eclipse_workspace/EnNew/AndroidManifest.xml:316:13-81
service#com.ennew.umengsetting.MyUmengBaseIntentService
ADDED from eclipse_workspace/EnNew/AndroidManifest.xml:318:9-320:39
	android:process
		ADDED from eclipse_workspace/EnNew/AndroidManifest.xml:320:13-36
	android:name
		ADDED from eclipse_workspace/EnNew/AndroidManifest.xml:319:13-75